# JRE version: Java(TM) SE Runtime Environment (8.0_144-b01) (build 1.8.0_144-b01)
# Java VM: Java HotSpot(TM) Client VM (25.144-b01 mixed mode windows-x86 )
Heap:
 def new generation   total 157248K, used 157248K [0x05200000, 0x0fca0000, 0x0fca0000)
  eden space 139776K, 100% used [0x05200000, 0x0da80000, 0x0da80000)
  from space 17472K, 100% used [0x0eb90000, 0x0fca0000, 0x0fca0000)
  to   space 17472K,   0% used [0x0da80000, 0x0da80000, 0x0eb90000)
 tenured generation   total 349568K, used 349567K [0x0fca0000, 0x25200000, 0x25200000)
   the space 349568K,  99% used [0x0fca0000, 0x251fffd8, 0x25200000, 0x25200000)
 Metaspace       used 21011K, capacity 21508K, committed 21760K, reserved 21888K
GC Heap History (10 events):
Event: 10870.657 GC heap before
{Heap before GC invocations=2591 (full 1298):
 def new generation   total 157248K, used 157247K [0x05200000, 0x0fca0000, 0x0fca0000)
  eden space 139776K, 100% used [0x05200000, 0x0da80000, 0x0da80000)
  from space 17472K,  99% used [0x0eb90000, 0x0fc9ff80, 0x0fca0000)
  to   space 17472K,   0% used [0x0da80000, 0x0da80000, 0x0eb90000)
 tenured generation   total 349568K, used 349567K [0x0fca0000, 0x25200000, 0x25200000)
   the space 349568K,  99% used [0x0fca0000, 0x251fff40, 0x25200000, 0x25200000)
 Metaspace       used 21011K, capacity 21508K, committed 21760K, reserved 21888K
Event: 10871.081 GC heap after
Heap after GC invocations=2592 (full 1299):
 def new generation   total 157248K, used 157241K [0x05200000, 0x0fca0000, 0x0fca0000)
  eden space 139776K,  99% used [0x05200000, 0x0da7ffe8, 0x0da80000)
  from space 17472K,  99% used [0x0eb90000, 0x0fc9e5b8, 0x0fca0000)
  to   space 17472K,   0% used [0x0da80000, 0x0da80000, 0x0eb90000)
 tenured generation   total 349568K, used 349567K [0x0fca0000, 0x25200000, 0x25200000)
   the space 349568K,  99% used [0x0fca0000, 0x251fff40, 0x25200000, 0x25200000)
 Metaspace       used 21011K, capacity 21508K, committed 21760K, reserved 21888K
}
Event: 10871.082 GC heap before
{Heap before GC invocations=2592 (full 1299):
 def new generation   total 157248K, used 157247K [0x05200000, 0x0fca0000, 0x0fca0000)
  eden space 139776K, 100% used [0x05200000, 0x0da80000, 0x0da80000)
  from space 17472K,  99% used [0x0eb90000, 0x0fc9ffc8, 0x0fca0000)
  to   space 17472K,   0% used [0x0da80000, 0x0da80000, 0x0eb90000)
 tenured generation   total 349568K, used 349567K [0x0fca0000, 0x25200000, 0x25200000)
   the space 349568K,  99% used [0x0fca0000, 0x251fff40, 0x25200000, 0x25200000)
 Metaspace       used 21011K, capacity 21508K, committed 21760K, reserved 21888K
Event: 10871.531 GC heap after
Heap after GC invocations=2593 (full 1300):
 def new generation   total 157248K, used 157241K [0x05200000, 0x0fca0000, 0x0fca0000)
  eden space 139776K,  99% used [0x05200000, 0x0da7ffe0, 0x0da80000)
  from space 17472K,  99% used [0x0eb90000, 0x0fc9e620, 0x0fca0000)
  to   space 17472K,   0% used [0x0da80000, 0x0da80000, 0x0eb90000)
 tenured generation   total 349568K, used 349567K [0x0fca0000, 0x25200000, 0x25200000)
   the space 349568K,  99% used [0x0fca0000, 0x251ffd20, 0x251ffe00, 0x25200000)
 Metaspace       used 21011K, capacity 21508K, committed 21760K, reserved 21888K
}
Event: 10871.531 GC heap before
{Heap before GC invocations=2593 (full 1300):
 def new generation   total 157248K, used 157247K [0x05200000, 0x0fca0000, 0x0fca0000)
  eden space 139776K, 100% used [0x05200000, 0x0da80000, 0x0da80000)
  from space 17472K,  99% used [0x0eb90000, 0x0fc9ff60, 0x0fca0000)
  to   space 17472K,   0% used [0x0da80000, 0x0da80000, 0x0eb90000)
 tenured generation   total 349568K, used 349567K [0x0fca0000, 0x25200000, 0x25200000)
   the space 349568K,  99% used [0x0fca0000, 0x251fff28, 0x25200000, 0x25200000)
 Metaspace       used 21011K, capacity 21508K, committed 21760K, reserved 21888K
Event: 10871.954 GC heap after
Heap after GC invocations=2594 (full 1301):
 def new generation   total 157248K, used 157241K [0x05200000, 0x0fca0000, 0x0fca0000)
  eden space 139776K,  99% used [0x05200000, 0x0da7ffb0, 0x0da80000)
  from space 17472K,  99% used [0x0eb90000, 0x0fc9e580, 0x0fca0000)
  to   space 17472K,   0% used [0x0da80000, 0x0da80000, 0x0eb90000)
 tenured generation   total 349568K, used 349567K [0x0fca0000, 0x25200000, 0x25200000)
   the space 349568K,  99% used [0x0fca0000, 0x251fff28, 0x25200000, 0x25200000)
 Metaspace       used 21011K, capacity 21508K, committed 21760K, reserved 21888K
}
Event: 10871.954 GC heap before
{Heap before GC invocations=2594 (full 1301):
 def new generation   total 157248K, used 157245K [0x05200000, 0x0fca0000, 0x0fca0000)
  eden space 139776K, 100% used [0x05200000, 0x0da80000, 0x0da80000)
  from space 17472K,  99% used [0x0eb90000, 0x0fc9f4e8, 0x0fca0000)
  to   space 17472K,   0% used [0x0da80000, 0x0da80000, 0x0eb90000)
 tenured generation   total 349568K, used 349567K [0x0fca0000, 0x25200000, 0x25200000)
   the space 349568K,  99% used [0x0fca0000, 0x251fff28, 0x25200000, 0x25200000)
 Metaspace       used 21011K, capacity 21508K, committed 21760K, reserved 21888K
Event: 10872.381 GC heap after
Heap after GC invocations=2595 (full 1302):
 def new generation   total 157248K, used 157233K [0x05200000, 0x0fca0000, 0x0fca0000)
  eden space 139776K,  99% used [0x05200000, 0x0da7ff78, 0x0da80000)
  from space 17472K,  99% used [0x0eb90000, 0x0fc9c6f0, 0x0fca0000)
  to   space 17472K,   0% used [0x0da80000, 0x0da80000, 0x0eb90000)
 tenured generation   total 349568K, used 349567K [0x0fca0000, 0x25200000, 0x25200000)
   the space 349568K,  99% used [0x0fca0000, 0x251fff28, 0x25200000, 0x25200000)
 Metaspace       used 21011K, capacity 21508K, committed 21760K, reserved 21888K
}
Event: 10872.381 GC heap before
{Heap before GC invocations=2595 (full 1302):
 def new generation   total 157248K, used 157233K [0x05200000, 0x0fca0000, 0x0fca0000)
  eden space 139776K,  99% used [0x05200000, 0x0da7ff78, 0x0da80000)
  from space 17472K,  99% used [0x0eb90000, 0x0fc9c6f0, 0x0fca0000)
  to   space 17472K,   0% used [0x0da80000, 0x0da80000, 0x0eb90000)
 tenured generation   total 349568K, used 349567K [0x0fca0000, 0x25200000, 0x25200000)
   the space 349568K,  99% used [0x0fca0000, 0x251fff28, 0x25200000, 0x25200000)
 Metaspace       used 21011K, capacity 21508K, committed 21760K, reserved 21888K
Event: 10872.804 GC heap after
Heap after GC invocations=2596 (full 1303):
 def new generation   total 157248K, used 157233K [0x05200000, 0x0fca0000, 0x0fca0000)
  eden space 139776K,  99% used [0x05200000, 0x0da7ff78, 0x0da80000)
  from space 17472K,  99% used [0x0eb90000, 0x0fc9c6f0, 0x0fca0000)
  to   space 17472K,   0% used [0x0da80000, 0x0da80000, 0x0eb90000)
 tenured generation   total 349568K, used 349567K [0x0fca0000, 0x25200000, 0x25200000)
   the space 349568K,  99% used [0x0fca0000, 0x251ffd20, 0x251ffe00, 0x25200000)
 Metaspace       used 21011K, capacity 21508K, committed 21760K, reserved 21888K
}

